<?xml version="1.0" encoding="UTF-8"?>
<testng-results ignored="0" total="1" passed="1" failed="0" skipped="0">
  <reporter-output>
  </reporter-output>
  <suite started-at="2024-10-05T22:59:13 IST" name="Surefire suite" finished-at="2024-10-05T22:59:13 IST" duration-ms="5">
    <groups>
    </groups>
    <test started-at="2024-10-05T22:59:13 IST" name="Surefire test" finished-at="2024-10-05T22:59:13 IST" duration-ms="5">
      <class name="org.orangehrm.orangehrmAutomation.AppTest">
        <test-method signature="testApp()[pri:0, instance:testApp(org.orangehrm.orangehrmAutomation.AppTest)]" started-at="2024-10-05T22:59:13 IST" name="testApp" finished-at="2024-10-05T22:59:13 IST" duration-ms="1" status="PASS">
          <reporter-output>
          </reporter-output>
        </test-method> <!-- testApp -->
      </class> <!-- org.orangehrm.orangehrmAutomation.AppTest -->
    </test> <!-- Surefire test -->
  </suite> <!-- Surefire suite -->
</testng-results>
