<?xml version="1.0" encoding="UTF-8"?>
<testng-results ignored="0" total="1" passed="1" failed="0" skipped="0">
  <reporter-output>
  </reporter-output>
  <suite started-at="2024-10-05T22:59:07 IST" name="Surefire suite" finished-at="2024-10-05T22:59:13 IST" duration-ms="6216">
    <groups>
    </groups>
    <test started-at="2024-10-05T22:59:07 IST" name="Surefire test" finished-at="2024-10-05T22:59:13 IST" duration-ms="6216">
      <class name="TestCases.LoginTest">
        <test-method is-config="true" signature="setup()[pri:0, instance:TestCases.LoginTest@363ee3a2]" started-at="2024-10-05T22:59:07 IST" name="setup" finished-at="2024-10-05T22:59:10 IST" duration-ms="2583" status="PASS">
          <reporter-output>
          </reporter-output>
        </test-method> <!-- setup -->
        <test-method signature="performLogin()[pri:0, instance:TestCases.LoginTest@363ee3a2]" started-at="2024-10-05T22:59:10 IST" name="performLogin" finished-at="2024-10-05T22:59:13 IST" duration-ms="3437" status="PASS">
          <reporter-output>
          </reporter-output>
        </test-method> <!-- performLogin -->
        <test-method is-config="true" signature="teardown()[pri:0, instance:TestCases.LoginTest@363ee3a2]" started-at="2024-10-05T22:59:13 IST" name="teardown" finished-at="2024-10-05T22:59:13 IST" duration-ms="146" status="PASS">
          <reporter-output>
          </reporter-output>
        </test-method> <!-- teardown -->
      </class> <!-- TestCases.LoginTest -->
    </test> <!-- Surefire test -->
  </suite> <!-- Surefire suite -->
</testng-results>
